[2025-09-29 04:48:40,129: INFO: main: Test done.]
[2025-11-10 23:36:32,992: INFO: main: >>>>>> stage Data Ingestion Stage started <<<<<<]
[2025-11-10 23:36:32,992: ERROR: main: [Errno 2] No such file or directory: 'Kidney-Disease-Classification\\config\\config.yaml']
Traceback (most recent call last):
  File "C:\Kidney-Disease-Classification\main.py", line 9, in <module>
    obj.main()
  File "C:\Kidney-Disease-Classification\src\cnnClassifier\pipeline\stage_01_data_ingestion.py", line 13, in main
    config = ConfigurationManager()
  File "c:\kidney-disease-classification\src\cnnClassifier\config\configuration.py", line 12, in __init__
    self.config = read_yaml(config_filepath)
  File "C:\Users\ankur\miniconda3\envs\venv\lib\site-packages\ensure\main.py", line 849, in __call__
    return_val = self.f(*args, **kwargs)
  File "c:\kidney-disease-classification\src\cnnClassifier\utils\common.py", line 35, in read_yaml
    raise e
  File "c:\kidney-disease-classification\src\cnnClassifier\utils\common.py", line 28, in read_yaml
    with open(path_to_yaml) as yaml_file:
FileNotFoundError: [Errno 2] No such file or directory: 'Kidney-Disease-Classification\\config\\config.yaml'
[2025-11-10 23:37:12,279: INFO: main: >>>>>> stage Data Ingestion Stage started <<<<<<]
[2025-11-10 23:37:12,279: INFO: common: yaml file: config\config.yaml loaded successfully]
[2025-11-10 23:37:12,279: INFO: common: yaml file: params.yaml loaded successfully]
[2025-11-10 23:37:12,279: INFO: common: created directory at: artifacts]
[2025-11-10 23:37:12,279: INFO: common: created directory at: artifacts/data_ingestion]
[2025-11-10 23:37:12,279: INFO: data_ingestion: Downloading data from https://drive.google.com/file/d/1uR7_D_NkuOkeeAYWTdTuDDZHRpM_-8rG/view?usp=drive_link into file artifacts/data_ingestion/data.zip]
[2025-11-10 23:37:20,045: INFO: data_ingestion: Downloaded data from https://drive.google.com/file/d/1uR7_D_NkuOkeeAYWTdTuDDZHRpM_-8rG/view?usp=drive_link into file artifacts/data_ingestion/data.zip]
[2025-11-10 23:37:20,547: INFO: main: >>>>>> stage Data Ingestion Stage completed <<<<<<

x==========x]
[2025-11-11 20:12:20,849: INFO: common: yaml file: config\config.yaml loaded successfully]
[2025-11-11 20:12:20,889: INFO: common: yaml file: params.yaml loaded successfully]
[2025-11-11 20:12:20,898: INFO: common: created directory at: artifacts]
[2025-11-11 20:12:20,898: INFO: common: created directory at: artifacts/prepare_base_model]
[2025-11-11 20:12:30,222: WARNING: saving_utils: Compiled the loaded model, but the compiled metrics have yet to be built. `model.compile_metrics` will be empty until you train or evaluate the model.]
[2025-11-11 20:17:26,453: INFO: common: yaml file: config\config.yaml loaded successfully]
[2025-11-11 20:17:26,468: INFO: common: yaml file: params.yaml loaded successfully]
[2025-11-11 20:17:26,476: INFO: common: created directory at: artifacts]
[2025-11-11 20:17:26,480: INFO: common: created directory at: artifacts/prepare_base_model]
[2025-11-11 20:17:27,048: WARNING: saving_utils: Compiled the loaded model, but the compiled metrics have yet to be built. `model.compile_metrics` will be empty until you train or evaluate the model.]
[2025-11-11 20:19:04,530: INFO: common: yaml file: config\config.yaml loaded successfully]
[2025-11-11 20:19:04,533: INFO: common: yaml file: params.yaml loaded successfully]
[2025-11-11 20:19:04,535: INFO: common: created directory at: artifacts]
[2025-11-11 20:19:04,537: INFO: common: created directory at: artifacts/prepare_base_model]
[2025-11-11 20:19:04,903: WARNING: saving_utils: Compiled the loaded model, but the compiled metrics have yet to be built. `model.compile_metrics` will be empty until you train or evaluate the model.]
[2025-11-11 20:32:18,793: INFO: main: >>>>>> stage Data Ingestion Stage started <<<<<<]
[2025-11-11 20:32:18,793: INFO: common: yaml file: config\config.yaml loaded successfully]
[2025-11-11 20:32:18,803: INFO: common: yaml file: params.yaml loaded successfully]
[2025-11-11 20:32:18,803: INFO: common: created directory at: artifacts]
[2025-11-11 20:32:18,803: INFO: common: created directory at: artifacts/data_ingestion]
[2025-11-11 20:32:18,803: INFO: data_ingestion: Downloading data from https://drive.google.com/file/d/1uR7_D_NkuOkeeAYWTdTuDDZHRpM_-8rG/view?usp=drive_link into file artifacts/data_ingestion/data.zip]
[2025-11-11 20:32:27,227: INFO: data_ingestion: Downloaded data from https://drive.google.com/file/d/1uR7_D_NkuOkeeAYWTdTuDDZHRpM_-8rG/view?usp=drive_link into file artifacts/data_ingestion/data.zip]
[2025-11-11 20:32:28,814: INFO: main: >>>>>> stage Data Ingestion Stage completed <<<<<<

x==========x]
[2025-11-11 20:32:28,815: INFO: main: *******************]
[2025-11-11 20:32:28,815: INFO: main: >>>>>> stage Prepare Base Model started <<<<<<]
[2025-11-11 20:32:28,818: INFO: common: yaml file: config\config.yaml loaded successfully]
[2025-11-11 20:32:28,820: INFO: common: yaml file: params.yaml loaded successfully]
[2025-11-11 20:32:28,821: INFO: common: created directory at: artifacts]
[2025-11-11 20:32:28,822: INFO: common: created directory at: artifacts/prepare_base_model]
[2025-11-11 20:32:29,754: WARNING: saving_utils: Compiled the loaded model, but the compiled metrics have yet to be built. `model.compile_metrics` will be empty until you train or evaluate the model.]
[2025-11-11 20:32:30,167: INFO: main: >>>>>> stage Prepare Base Model completed <<<<<<

x==========x]
[2025-11-12 22:57:58,921: INFO: common: yaml file: config\config.yaml loaded successfully]
[2025-11-12 22:57:58,952: INFO: common: yaml file: params.yaml loaded successfully]
[2025-11-12 22:57:58,964: INFO: common: created directory at: artifacts]
[2025-11-12 22:57:58,967: INFO: common: created directory at: artifacts\training]
[2025-11-12 23:19:02,601: INFO: common: yaml file: config\config.yaml loaded successfully]
[2025-11-12 23:19:02,606: INFO: common: yaml file: params.yaml loaded successfully]
[2025-11-12 23:19:02,608: INFO: common: created directory at: artifacts]
[2025-11-12 23:19:02,609: INFO: common: created directory at: artifacts\training]
[2025-11-12 23:21:14,810: INFO: main: >>>>>> stage Data Ingestion Stage started <<<<<<]
[2025-11-12 23:21:14,813: INFO: common: yaml file: config\config.yaml loaded successfully]
[2025-11-12 23:21:14,814: INFO: common: yaml file: params.yaml loaded successfully]
[2025-11-12 23:21:14,815: INFO: common: created directory at: artifacts]
[2025-11-12 23:21:14,816: INFO: common: created directory at: artifacts/data_ingestion]
[2025-11-12 23:21:14,816: INFO: data_ingestion: Downloading data from https://drive.google.com/file/d/1uR7_D_NkuOkeeAYWTdTuDDZHRpM_-8rG/view?usp=drive_link into file artifacts/data_ingestion/data.zip]
[2025-11-12 23:21:22,933: INFO: data_ingestion: Downloaded data from https://drive.google.com/file/d/1uR7_D_NkuOkeeAYWTdTuDDZHRpM_-8rG/view?usp=drive_link into file artifacts/data_ingestion/data.zip]
[2025-11-12 23:21:23,433: INFO: main: >>>>>> stage Data Ingestion Stage completed <<<<<<

x==========x]
[2025-11-12 23:21:23,433: INFO: main: *******************]
[2025-11-12 23:21:23,433: INFO: main: >>>>>> stage Prepare Base Model started <<<<<<]
[2025-11-12 23:21:23,433: INFO: common: yaml file: config\config.yaml loaded successfully]
[2025-11-12 23:21:23,433: INFO: common: yaml file: params.yaml loaded successfully]
[2025-11-12 23:21:23,433: INFO: common: created directory at: artifacts]
[2025-11-12 23:21:23,433: INFO: common: created directory at: artifacts/prepare_base_model]
[2025-11-12 23:21:23,934: WARNING: saving_utils: Compiled the loaded model, but the compiled metrics have yet to be built. `model.compile_metrics` will be empty until you train or evaluate the model.]
[2025-11-12 23:21:24,188: INFO: main: >>>>>> stage Prepare Base Model completed <<<<<<

x==========x]
[2025-11-12 23:21:24,188: INFO: main: *******************]
[2025-11-12 23:21:24,188: INFO: main: >>>>>> stage Training started <<<<<<]
[2025-11-12 23:21:24,192: INFO: common: yaml file: config\config.yaml loaded successfully]
[2025-11-12 23:21:24,193: INFO: common: yaml file: params.yaml loaded successfully]
[2025-11-12 23:21:24,193: INFO: common: created directory at: artifacts]
[2025-11-12 23:21:24,196: INFO: common: created directory at: artifacts\training]
[2025-11-12 23:22:39,154: INFO: main: >>>>>> stage Training completed <<<<<<

x==========x]
[2025-11-14 19:30:45,892: INFO: common: yaml file: config\config.yaml loaded successfully]
[2025-11-14 19:30:45,915: INFO: common: yaml file: params.yaml loaded successfully]
[2025-11-14 19:30:45,919: INFO: common: created directory at: artifacts]
[2025-11-14 19:31:10,777: INFO: common: json file saved at: scores.json]
[2025-11-14 19:37:16,541: INFO: common: yaml file: config\config.yaml loaded successfully]
[2025-11-14 19:37:16,543: INFO: common: yaml file: params.yaml loaded successfully]
[2025-11-14 19:37:16,546: INFO: common: created directory at: artifacts]
[2025-11-14 19:37:51,228: INFO: common: json file saved at: scores.json]
[2025-11-14 19:40:24,078: INFO: common: yaml file: config\config.yaml loaded successfully]
[2025-11-14 19:40:24,083: INFO: common: yaml file: params.yaml loaded successfully]
[2025-11-14 19:40:24,084: INFO: common: created directory at: artifacts]
[2025-11-14 19:40:40,206: INFO: common: json file saved at: scores.json]
[2025-11-14 19:40:42,824: WARNING: save: Found untraced functions such as _jit_compiled_convolution_op, _jit_compiled_convolution_op, _jit_compiled_convolution_op, _jit_compiled_convolution_op, _jit_compiled_convolution_op while saving (showing 5 of 14). These functions will not be directly callable after loading.]
[2025-11-14 19:40:43,340: INFO: builder_impl: Assets written to: C:\Users\ankur\AppData\Local\Temp\tmpfv4gxuze\model\data\model\assets]
[2025-11-14 21:41:33,134: INFO: main: >>>>>> stage Data Ingestion Stage started <<<<<<]
[2025-11-14 21:41:33,163: INFO: common: yaml file: config\config.yaml loaded successfully]
[2025-11-14 21:41:33,168: INFO: common: yaml file: params.yaml loaded successfully]
[2025-11-14 21:41:33,172: INFO: common: created directory at: artifacts]
[2025-11-14 21:41:33,175: INFO: common: created directory at: artifacts/data_ingestion]
[2025-11-14 21:41:33,176: INFO: data_ingestion: Downloading data from https://drive.google.com/file/d/1uR7_D_NkuOkeeAYWTdTuDDZHRpM_-8rG/view?usp=drive_link into file artifacts/data_ingestion/data.zip]
[2025-11-14 21:41:42,338: INFO: data_ingestion: Downloaded data from https://drive.google.com/file/d/1uR7_D_NkuOkeeAYWTdTuDDZHRpM_-8rG/view?usp=drive_link into file artifacts/data_ingestion/data.zip]
[2025-11-14 21:41:42,824: INFO: main: >>>>>> stage Data Ingestion Stage completed <<<<<<

x==========x]
[2025-11-14 21:41:42,824: INFO: main: *******************]
[2025-11-14 21:41:42,824: INFO: main: >>>>>> stage Prepare Base Model started <<<<<<]
[2025-11-14 21:41:42,824: INFO: common: yaml file: config\config.yaml loaded successfully]
[2025-11-14 21:41:42,824: INFO: common: yaml file: params.yaml loaded successfully]
[2025-11-14 21:41:42,824: INFO: common: created directory at: artifacts]
[2025-11-14 21:41:42,830: INFO: common: created directory at: artifacts/prepare_base_model]
[2025-11-14 21:41:43,615: WARNING: saving_utils: Compiled the loaded model, but the compiled metrics have yet to be built. `model.compile_metrics` will be empty until you train or evaluate the model.]
[2025-11-14 21:41:44,149: INFO: main: >>>>>> stage Prepare Base Model completed <<<<<<

x==========x]
[2025-11-14 21:41:44,149: INFO: main: *******************]
[2025-11-14 21:41:44,149: INFO: main: >>>>>> stage Training started <<<<<<]
[2025-11-14 21:41:44,154: INFO: common: yaml file: config\config.yaml loaded successfully]
[2025-11-14 21:41:44,156: INFO: common: yaml file: params.yaml loaded successfully]
[2025-11-14 21:41:44,157: INFO: common: created directory at: artifacts]
[2025-11-14 21:41:44,158: INFO: common: created directory at: artifacts\training]
[2025-11-14 21:42:36,840: INFO: main: >>>>>> stage Training completed <<<<<<

x==========x]
[2025-11-14 21:42:36,841: INFO: main: *******************]
[2025-11-14 21:42:36,841: INFO: main: >>>>>> stage Evaluation stage started <<<<<<]
[2025-11-14 21:42:36,842: ERROR: main: name 'EvaluationPipeline' is not defined]
Traceback (most recent call last):
  File "C:\Kidney-Disease-Classification\main.py", line 47, in <module>
    obj = EvaluationPipeline()
NameError: name 'EvaluationPipeline' is not defined
[2025-11-14 21:43:38,565: INFO: main: >>>>>> stage Data Ingestion Stage started <<<<<<]
[2025-11-14 21:43:38,569: INFO: common: yaml file: config\config.yaml loaded successfully]
[2025-11-14 21:43:38,569: INFO: common: yaml file: params.yaml loaded successfully]
[2025-11-14 21:43:38,569: INFO: common: created directory at: artifacts]
[2025-11-14 21:43:38,569: INFO: common: created directory at: artifacts/data_ingestion]
[2025-11-14 21:43:38,569: INFO: data_ingestion: Downloading data from https://drive.google.com/file/d/1uR7_D_NkuOkeeAYWTdTuDDZHRpM_-8rG/view?usp=drive_link into file artifacts/data_ingestion/data.zip]
[2025-11-14 21:43:47,089: INFO: data_ingestion: Downloaded data from https://drive.google.com/file/d/1uR7_D_NkuOkeeAYWTdTuDDZHRpM_-8rG/view?usp=drive_link into file artifacts/data_ingestion/data.zip]
[2025-11-14 21:43:47,530: INFO: main: >>>>>> stage Data Ingestion Stage completed <<<<<<

x==========x]
[2025-11-14 21:43:47,530: INFO: main: *******************]
[2025-11-14 21:43:47,530: INFO: main: >>>>>> stage Prepare Base Model started <<<<<<]
[2025-11-14 21:43:47,530: INFO: common: yaml file: config\config.yaml loaded successfully]
[2025-11-14 21:43:47,530: INFO: common: yaml file: params.yaml loaded successfully]
[2025-11-14 21:43:47,530: INFO: common: created directory at: artifacts]
[2025-11-14 21:43:47,530: INFO: common: created directory at: artifacts/prepare_base_model]
[2025-11-14 21:43:47,963: WARNING: saving_utils: Compiled the loaded model, but the compiled metrics have yet to be built. `model.compile_metrics` will be empty until you train or evaluate the model.]
[2025-11-14 21:43:48,226: INFO: main: >>>>>> stage Prepare Base Model completed <<<<<<

x==========x]
[2025-11-14 21:43:48,227: INFO: main: *******************]
[2025-11-14 21:43:48,227: INFO: main: >>>>>> stage Training started <<<<<<]
[2025-11-14 21:43:48,228: INFO: common: yaml file: config\config.yaml loaded successfully]
[2025-11-14 21:43:48,230: INFO: common: yaml file: params.yaml loaded successfully]
[2025-11-14 21:43:48,230: INFO: common: created directory at: artifacts]
[2025-11-14 21:43:48,230: INFO: common: created directory at: artifacts\training]
[2025-11-14 21:44:45,565: INFO: main: >>>>>> stage Training completed <<<<<<

x==========x]
[2025-11-14 21:44:45,565: INFO: main: *******************]
[2025-11-14 21:44:45,565: INFO: main: >>>>>> stage Evaluation stage started <<<<<<]
[2025-11-14 21:44:45,565: INFO: common: yaml file: config\config.yaml loaded successfully]
[2025-11-14 21:44:45,565: INFO: common: yaml file: params.yaml loaded successfully]
[2025-11-14 21:44:45,565: INFO: common: created directory at: artifacts]
[2025-11-14 21:45:05,196: INFO: common: json file saved at: scores.json]
[2025-11-14 21:45:05,198: INFO: common: json file saved at: scores.json]
[2025-11-14 21:45:05,199: INFO: main: >>>>>> stage Evaluation stage completed <<<<<<

x==========x]
[2025-11-15 23:10:03,623: INFO: stage_01_data_ingestion: >>>>>> stage Data Ingestion Stage started <<<<<<]
[2025-11-15 23:10:03,625: INFO: common: yaml file: config\config.yaml loaded successfully]
[2025-11-15 23:10:03,627: INFO: common: yaml file: params.yaml loaded successfully]
[2025-11-15 23:10:03,628: INFO: common: created directory at: artifacts]
[2025-11-15 23:10:03,628: INFO: common: created directory at: artifacts/data_ingestion]
[2025-11-15 23:10:03,629: INFO: data_ingestion: Downloading data from https://drive.google.com/file/d/1uR7_D_NkuOkeeAYWTdTuDDZHRpM_-8rG/view?usp=drive_link into file artifacts/data_ingestion/data.zip]
[2025-11-15 23:10:12,093: INFO: data_ingestion: Downloaded data from https://drive.google.com/file/d/1uR7_D_NkuOkeeAYWTdTuDDZHRpM_-8rG/view?usp=drive_link into file artifacts/data_ingestion/data.zip]
[2025-11-15 23:10:12,662: INFO: stage_01_data_ingestion: >>>>>> stage Data Ingestion Stage completed <<<<<<

x==========x]
[2025-11-15 23:10:33,354: INFO: stage_02_prepare_base_model: *******************]
[2025-11-15 23:10:33,354: INFO: stage_02_prepare_base_model: >>>>>> stage Prepare Base Model started <<<<<<]
[2025-11-15 23:10:33,354: INFO: common: yaml file: config\config.yaml loaded successfully]
[2025-11-15 23:10:33,354: INFO: common: yaml file: params.yaml loaded successfully]
[2025-11-15 23:10:33,354: INFO: common: created directory at: artifacts]
[2025-11-15 23:10:33,354: INFO: common: created directory at: artifacts/prepare_base_model]
[2025-11-15 23:10:33,935: WARNING: saving_utils: Compiled the loaded model, but the compiled metrics have yet to be built. `model.compile_metrics` will be empty until you train or evaluate the model.]
[2025-11-15 23:10:34,320: INFO: stage_02_prepare_base_model: >>>>>> stage Prepare Base Model completed <<<<<<

x==========x]
[2025-11-15 23:10:39,702: INFO: stage_03_model_training: *******************]
[2025-11-15 23:10:39,702: INFO: stage_03_model_training: >>>>>> stage Training started <<<<<<]
[2025-11-15 23:10:39,704: INFO: common: yaml file: config\config.yaml loaded successfully]
[2025-11-15 23:10:39,705: INFO: common: yaml file: params.yaml loaded successfully]
[2025-11-15 23:10:39,706: INFO: common: created directory at: artifacts]
[2025-11-15 23:10:39,706: INFO: common: created directory at: artifacts\training]
[2025-11-15 23:12:45,033: INFO: stage_03_model_training: >>>>>> stage Training completed <<<<<<

x==========x]
[2025-11-15 23:13:00,461: INFO: stage_04_model_evaluation: *******************]
[2025-11-15 23:13:00,461: INFO: stage_04_model_evaluation: >>>>>> stage Evaluation stage started <<<<<<]
[2025-11-15 23:13:00,461: INFO: common: yaml file: config\config.yaml loaded successfully]
[2025-11-15 23:13:00,461: INFO: common: yaml file: params.yaml loaded successfully]
[2025-11-15 23:13:00,461: INFO: common: created directory at: artifacts]
[2025-11-15 23:13:24,533: INFO: common: json file saved at: scores.json]
[2025-11-15 23:13:24,533: INFO: common: json file saved at: scores.json]
[2025-11-15 23:13:24,533: INFO: stage_04_model_evaluation: >>>>>> stage Evaluation stage completed <<<<<<

x==========x]
[2025-11-16 11:31:09,039: INFO: _internal: [31m[1mWARNING: This is a development server. Do not use it in a production deployment. Use a production WSGI server instead.[0m
 * Running on all addresses (0.0.0.0)
 * Running on http://127.0.0.1:8080
 * Running on http://192.168.33.100:8080]
[2025-11-16 11:31:09,040: INFO: _internal: [33mPress CTRL+C to quit[0m]
[2025-11-16 11:31:17,636: INFO: _internal: 127.0.0.1 - - [16/Nov/2025 11:31:17] "GET / HTTP/1.1" 200 -]
[2025-11-16 11:31:40,307: ERROR: app: Exception on /predict [POST]]
Traceback (most recent call last):
  File "C:\Users\ankur\miniconda3\envs\venv\lib\site-packages\flask\app.py", line 2190, in wsgi_app
    response = self.full_dispatch_request()
  File "C:\Users\ankur\miniconda3\envs\venv\lib\site-packages\flask\app.py", line 1486, in full_dispatch_request
    rv = self.handle_user_exception(e)
  File "C:\Users\ankur\miniconda3\envs\venv\lib\site-packages\flask_cors\extension.py", line 176, in wrapped_function
    return cors_after_request(app.make_response(f(*args, **kwargs)))
  File "C:\Users\ankur\miniconda3\envs\venv\lib\site-packages\flask\app.py", line 1484, in full_dispatch_request
    rv = self.dispatch_request()
  File "C:\Users\ankur\miniconda3\envs\venv\lib\site-packages\flask\app.py", line 1469, in dispatch_request
    return self.ensure_sync(self.view_functions[rule.endpoint])(**view_args)
  File "C:\Users\ankur\miniconda3\envs\venv\lib\site-packages\flask_cors\decorator.py", line 121, in wrapped_function
    resp = make_response(f(*args, **kwargs))
  File "C:\Kidney-Disease-Classification\app.py", line 40, in predictRoute
    result = clApp.classifier.predict()
  File "c:\kidney-disease-classification\src\cnnClassifier\pipeline\prediction.py", line 16, in predict
    model = load_model(os.path.join("model", "model.h5"))
  File "C:\Users\ankur\miniconda3\envs\venv\lib\site-packages\keras\saving\saving_api.py", line 212, in load_model
    return legacy_sm_saving_lib.load_model(
  File "C:\Users\ankur\miniconda3\envs\venv\lib\site-packages\keras\utils\traceback_utils.py", line 70, in error_handler
    raise e.with_traceback(filtered_tb) from None
  File "C:\Users\ankur\miniconda3\envs\venv\lib\site-packages\keras\saving\legacy\save.py", line 230, in load_model
    raise IOError(
OSError: No file or directory found at model\model.h5
[2025-11-16 11:31:40,328: INFO: _internal: 127.0.0.1 - - [16/Nov/2025 11:31:40] "[35m[1mPOST /predict HTTP/1.1[0m" 500 -]
[2025-11-16 11:35:48,867: INFO: _internal: 127.0.0.1 - - [16/Nov/2025 11:35:48] "GET / HTTP/1.1" 200 -]
[2025-11-16 11:35:52,843: ERROR: app: Exception on /predict [POST]]
Traceback (most recent call last):
  File "C:\Users\ankur\miniconda3\envs\venv\lib\site-packages\flask\app.py", line 2190, in wsgi_app
    response = self.full_dispatch_request()
  File "C:\Users\ankur\miniconda3\envs\venv\lib\site-packages\flask\app.py", line 1486, in full_dispatch_request
    rv = self.handle_user_exception(e)
  File "C:\Users\ankur\miniconda3\envs\venv\lib\site-packages\flask_cors\extension.py", line 176, in wrapped_function
    return cors_after_request(app.make_response(f(*args, **kwargs)))
  File "C:\Users\ankur\miniconda3\envs\venv\lib\site-packages\flask\app.py", line 1484, in full_dispatch_request
    rv = self.dispatch_request()
  File "C:\Users\ankur\miniconda3\envs\venv\lib\site-packages\flask\app.py", line 1469, in dispatch_request
    return self.ensure_sync(self.view_functions[rule.endpoint])(**view_args)
  File "C:\Users\ankur\miniconda3\envs\venv\lib\site-packages\flask_cors\decorator.py", line 121, in wrapped_function
    resp = make_response(f(*args, **kwargs))
  File "C:\Kidney-Disease-Classification\app.py", line 40, in predictRoute
    result = clApp.classifier.predict()
  File "c:\kidney-disease-classification\src\cnnClassifier\pipeline\prediction.py", line 16, in predict
    model = load_model(os.path.join("model", "model.h5"))
  File "C:\Users\ankur\miniconda3\envs\venv\lib\site-packages\keras\saving\saving_api.py", line 212, in load_model
    return legacy_sm_saving_lib.load_model(
  File "C:\Users\ankur\miniconda3\envs\venv\lib\site-packages\keras\utils\traceback_utils.py", line 70, in error_handler
    raise e.with_traceback(filtered_tb) from None
  File "C:\Users\ankur\miniconda3\envs\venv\lib\site-packages\keras\saving\legacy\save.py", line 230, in load_model
    raise IOError(
OSError: No file or directory found at model\model.h5
[2025-11-16 11:35:52,847: INFO: _internal: 127.0.0.1 - - [16/Nov/2025 11:35:52] "[35m[1mPOST /predict HTTP/1.1[0m" 500 -]
[2025-11-16 11:37:22,086: INFO: _internal: [31m[1mWARNING: This is a development server. Do not use it in a production deployment. Use a production WSGI server instead.[0m
 * Running on all addresses (0.0.0.0)
 * Running on http://127.0.0.1:8080
 * Running on http://192.168.33.100:8080]
[2025-11-16 11:37:22,086: INFO: _internal: [33mPress CTRL+C to quit[0m]
[2025-11-16 11:37:27,434: INFO: _internal: 127.0.0.1 - - [16/Nov/2025 11:37:27] "GET / HTTP/1.1" 200 -]
[2025-11-16 11:37:35,773: INFO: _internal: 127.0.0.1 - - [16/Nov/2025 11:37:35] "POST /predict HTTP/1.1" 200 -]
[2025-11-16 11:39:22,967: INFO: _internal: 127.0.0.1 - - [16/Nov/2025 11:39:22] "GET / HTTP/1.1" 200 -]
[2025-11-16 11:39:25,281: INFO: _internal: 127.0.0.1 - - [16/Nov/2025 11:39:25] "GET / HTTP/1.1" 200 -]
[2025-11-16 11:39:51,722: INFO: _internal: [31m[1mWARNING: This is a development server. Do not use it in a production deployment. Use a production WSGI server instead.[0m
 * Running on all addresses (0.0.0.0)
 * Running on http://127.0.0.1:8080
 * Running on http://192.168.33.100:8080]
[2025-11-16 11:39:51,722: INFO: _internal: [33mPress CTRL+C to quit[0m]
[2025-11-16 11:39:58,555: INFO: _internal: 127.0.0.1 - - [16/Nov/2025 11:39:58] "GET / HTTP/1.1" 200 -]
